[0.027s] Invoking command in '/home/adm_bur7746m/ros2can/build/ros2_can': CMAKE_PREFIX_PATH=/opt/ros/foxy /usr/bin/cmake /home/adm_bur7746m/ros2can -DCMAKE_INSTALL_PREFIX=/home/adm_bur7746m/ros2can/install/ros2_can
[1.654s] -- The C compiler identification is GNU 9.4.0
[2.595s] -- The CXX compiler identification is GNU 9.4.0
[2.776s] -- Check for working C compiler: /usr/bin/cc
[3.020s] -- Check for working C compiler: /usr/bin/cc -- works
[3.042s] -- Detecting C compiler ABI info
[3.166s] -- Detecting C compiler ABI info - done
[3.185s] -- Detecting C compile features
[3.206s] -- Detecting C compile features - done
[3.227s] -- Check for working CXX compiler: /usr/bin/c++
[3.344s] -- Check for working CXX compiler: /usr/bin/c++ -- works
[3.345s] -- Detecting CXX compiler ABI info
[3.466s] -- Detecting CXX compiler ABI info - done
[3.486s] -- Detecting CXX compile features
[3.487s] -- Detecting CXX compile features - done
[3.718s] -- Found ament_cmake: 0.9.9 (/opt/ros/foxy/share/ament_cmake/cmake)
[3.788s] -- Found PythonInterp: /usr/bin/python3 (found suitable version "3.8.10", minimum required is "3") 
[3.789s] -- Using PYTHON_EXECUTABLE: /usr/bin/python3
[4.258s] -- Found std_msgs: 2.0.5 (/opt/ros/foxy/share/std_msgs/cmake)
[4.466s] -- Using all available rosidl_typesupport_c: rosidl_typesupport_fastrtps_c;rosidl_typesupport_introspection_c
[4.531s] -- Found rosidl_adapter: 1.2.1 (/opt/ros/foxy/share/rosidl_adapter/cmake)
[5.067s] -- Found OpenSSL: /usr/lib/x86_64-linux-gnu/libcrypto.so (found version "1.1.1f")  
[5.153s] -- Found FastRTPS: /opt/ros/foxy/include  
[5.390s] -- Using all available rosidl_typesupport_cpp: rosidl_typesupport_fastrtps_cpp;rosidl_typesupport_introspection_cpp
[5.575s] -- Found geometry_msgs: 2.0.5 (/opt/ros/foxy/share/geometry_msgs/cmake)
[5.660s] -- Found rclcpp: 2.4.1 (/opt/ros/foxy/share/rclcpp/cmake)
[5.822s] -- Found rmw_implementation_cmake: 1.0.3 (/opt/ros/foxy/share/rmw_implementation_cmake/cmake)
[5.825s] -- Using RMW implementation 'rmw_fastrtps_cpp' as default
[5.852s] -- Looking for pthread.h
[6.126s] -- Looking for pthread.h - found
[6.127s] -- Performing Test CMAKE_HAVE_LIBC_PTHREAD
[6.260s] -- Performing Test CMAKE_HAVE_LIBC_PTHREAD - Failed
[6.260s] -- Looking for pthread_create in pthreads
[6.395s] -- Looking for pthread_create in pthreads - not found
[6.395s] -- Looking for pthread_create in pthread
[6.491s] -- Looking for pthread_create in pthread - found
[6.494s] -- Found Threads: TRUE  
[6.876s] -- Found ament_lint_auto: 0.9.6 (/opt/ros/foxy/share/ament_lint_auto/cmake)
[7.127s] -- Added test 'copyright' to check source files copyright and LICENSE
[7.135s] -- Added test 'cppcheck' to perform static code analysis on C / C++ code
[7.135s] -- Configured cppcheck include dirs: 
[7.135s] -- Configured cppcheck exclude dirs and/or files: 
[7.158s] -- Added test 'cpplint' to check C / C++ code against the Google style
[7.158s] -- Configured cpplint exclude dirs and/or files: 
[7.181s] -- Added test 'lint_cmake' to check CMake code style
[7.190s] -- Added test 'uncrustify' to check C / C++ code style
[7.190s] -- Configured uncrustify additional arguments: 
[7.192s] -- Added test 'xmllint' to check XML markup files
[7.196s] -- Configuring done
[7.205s] -- Generating done
[7.208s] -- Build files have been written to: /home/adm_bur7746m/ros2can/build/ros2_can
[7.219s] Invoked command in '/home/adm_bur7746m/ros2can/build/ros2_can' returned '0': CMAKE_PREFIX_PATH=/opt/ros/foxy /usr/bin/cmake /home/adm_bur7746m/ros2can -DCMAKE_INSTALL_PREFIX=/home/adm_bur7746m/ros2can/install/ros2_can
[7.225s] Invoking command in '/home/adm_bur7746m/ros2can/build/ros2_can': CMAKE_PREFIX_PATH=/opt/ros/foxy /usr/bin/cmake --build /home/adm_bur7746m/ros2can/build/ros2_can -- -j8 -l8
[7.288s] [35m[1mScanning dependencies of target teleop2pcan[0m
[8.200s] [ 50%] [32mBuilding CXX object CMakeFiles/teleop2pcan.dir/src/teleop2pcan.cpp.o[0m
[20.223s] [100%] [32m[1mLinking CXX executable teleop2pcan[0m
[21.064s] [100%] Built target teleop2pcan
[21.082s] Invoked command in '/home/adm_bur7746m/ros2can/build/ros2_can' returned '0': CMAKE_PREFIX_PATH=/opt/ros/foxy /usr/bin/cmake --build /home/adm_bur7746m/ros2can/build/ros2_can -- -j8 -l8
[21.132s] Invoking command in '/home/adm_bur7746m/ros2can/build/ros2_can': CMAKE_PREFIX_PATH=/opt/ros/foxy /usr/bin/cmake --install /home/adm_bur7746m/ros2can/build/ros2_can
[21.141s] -- Install configuration: ""
[21.141s] -- Installing: /home/adm_bur7746m/ros2can/install/ros2_can/lib/ros2_can/teleop2pcan
[21.144s] -- Set runtime path of "/home/adm_bur7746m/ros2can/install/ros2_can/lib/ros2_can/teleop2pcan" to ""
[21.144s] -- Installing: /home/adm_bur7746m/ros2can/install/ros2_can/share/ament_index/resource_index/package_run_dependencies/ros2_can
[21.144s] -- Installing: /home/adm_bur7746m/ros2can/install/ros2_can/share/ament_index/resource_index/parent_prefix_path/ros2_can
[21.144s] -- Installing: /home/adm_bur7746m/ros2can/install/ros2_can/share/ros2_can/environment/ament_prefix_path.sh
[21.145s] -- Installing: /home/adm_bur7746m/ros2can/install/ros2_can/share/ros2_can/environment/ament_prefix_path.dsv
[21.145s] -- Installing: /home/adm_bur7746m/ros2can/install/ros2_can/share/ros2_can/environment/path.sh
[21.145s] -- Installing: /home/adm_bur7746m/ros2can/install/ros2_can/share/ros2_can/environment/path.dsv
[21.145s] -- Installing: /home/adm_bur7746m/ros2can/install/ros2_can/share/ros2_can/local_setup.bash
[21.145s] -- Installing: /home/adm_bur7746m/ros2can/install/ros2_can/share/ros2_can/local_setup.sh
[21.145s] -- Installing: /home/adm_bur7746m/ros2can/install/ros2_can/share/ros2_can/local_setup.zsh
[21.145s] -- Installing: /home/adm_bur7746m/ros2can/install/ros2_can/share/ros2_can/local_setup.dsv
[21.146s] -- Installing: /home/adm_bur7746m/ros2can/install/ros2_can/share/ros2_can/package.dsv
[21.146s] -- Installing: /home/adm_bur7746m/ros2can/install/ros2_can/share/ament_index/resource_index/packages/ros2_can
[21.146s] -- Installing: /home/adm_bur7746m/ros2can/install/ros2_can/share/ros2_can/cmake/ros2_canConfig.cmake
[21.146s] -- Installing: /home/adm_bur7746m/ros2can/install/ros2_can/share/ros2_can/cmake/ros2_canConfig-version.cmake
[21.146s] -- Installing: /home/adm_bur7746m/ros2can/install/ros2_can/share/ros2_can/package.xml
[21.150s] Invoked command in '/home/adm_bur7746m/ros2can/build/ros2_can' returned '0': CMAKE_PREFIX_PATH=/opt/ros/foxy /usr/bin/cmake --install /home/adm_bur7746m/ros2can/build/ros2_can
