[0.189s] DEBUG:colcon:Command line arguments: ['/usr/bin/colcon', 'build']
[0.189s] DEBUG:colcon:Parsed command line arguments: Namespace(allow_overriding=[], ament_cmake_args=None, base_paths=['.'], build_base='build', catkin_cmake_args=None, catkin_skip_building_tests=False, cmake_args=None, cmake_clean_cache=False, cmake_clean_first=False, cmake_force_configure=False, cmake_target=None, cmake_target_skip_unavailable=False, continue_on_error=False, event_handlers=None, executor='parallel', ignore_user_meta=False, install_base='install', log_base=None, log_level=None, main=<bound method BuildVerb.main of <colcon_core.verb.build.BuildVerb object at 0x7fc758b5e760>>, merge_install=False, metas=['./colcon.meta'], packages_above=None, packages_above_and_dependencies=None, packages_above_depth=None, packages_end=None, packages_ignore=None, packages_ignore_regex=None, packages_select=None, packages_select_build_failed=False, packages_select_by_dep=None, packages_select_regex=None, packages_select_test_failures=False, packages_skip=None, packages_skip_build_finished=False, packages_skip_by_dep=None, packages_skip_regex=None, packages_skip_test_passed=False, packages_skip_up_to=None, packages_start=None, packages_up_to=None, packages_up_to_regex=None, parallel_workers=8, paths=None, symlink_install=False, test_result_base=None, verb_extension=<colcon_core.verb.build.BuildVerb object at 0x7fc758b5e760>, verb_name='build', verb_parser=<colcon_defaults.argument_parser.defaults.DefaultArgumentsDecorator object at 0x7fc758b5eca0>)
[0.219s] Level 1:colcon.colcon_core.package_discovery:discover_packages(colcon_meta) check parameters
[0.219s] Level 1:colcon.colcon_core.package_discovery:discover_packages(recursive) check parameters
[0.219s] Level 1:colcon.colcon_core.package_discovery:discover_packages(ignore) check parameters
[0.219s] Level 1:colcon.colcon_core.package_discovery:discover_packages(path) check parameters
[0.219s] Level 1:colcon.colcon_core.package_discovery:discover_packages(colcon_meta) discover
[0.219s] Level 1:colcon.colcon_core.package_discovery:discover_packages(recursive) discover
[0.219s] INFO:colcon.colcon_core.package_discovery:Crawling recursively for packages in '/home/adm_bur7746m/ros2can'
[0.219s] Level 1:colcon.colcon_core.package_identification:_identify(.) by extensions ['ignore', 'ignore_ament_install']
[0.219s] Level 1:colcon.colcon_core.package_identification:_identify(.) by extension 'ignore'
[0.220s] Level 1:colcon.colcon_core.package_identification:_identify(.) by extension 'ignore_ament_install'
[0.220s] Level 1:colcon.colcon_core.package_identification:_identify(.) by extensions ['colcon_pkg']
[0.220s] Level 1:colcon.colcon_core.package_identification:_identify(.) by extension 'colcon_pkg'
[0.220s] Level 1:colcon.colcon_core.package_identification:_identify(.) by extensions ['colcon_meta']
[0.220s] Level 1:colcon.colcon_core.package_identification:_identify(.) by extension 'colcon_meta'
[0.220s] Level 1:colcon.colcon_core.package_identification:_identify(.) by extensions ['ros']
[0.220s] Level 1:colcon.colcon_core.package_identification:_identify(.) by extension 'ros'
[0.266s] DEBUG:colcon.colcon_core.package_identification:Package '.' with type 'ros.ament_cmake' and name 'ros2_can'
[0.266s] Level 1:colcon.colcon_core.package_discovery:discover_packages(recursive) using defaults
[0.266s] Level 1:colcon.colcon_core.package_discovery:discover_packages(ignore) discover
[0.267s] Level 1:colcon.colcon_core.package_discovery:discover_packages(ignore) using defaults
[0.267s] Level 1:colcon.colcon_core.package_discovery:discover_packages(path) discover
[0.267s] Level 1:colcon.colcon_core.package_discovery:discover_packages(path) using defaults
[0.305s] Level 1:colcon.colcon_core.package_discovery:discover_packages(prefix_path) check parameters
[0.305s] Level 1:colcon.colcon_core.package_discovery:discover_packages(prefix_path) discover
[0.310s] DEBUG:colcon.colcon_installed_package_information.package_discovery:Found 313 installed packages in /opt/ros/foxy
[0.313s] Level 1:colcon.colcon_core.package_discovery:discover_packages(prefix_path) using defaults
[0.426s] Level 5:colcon.colcon_core.verb:set package 'ros2_can' build argument 'cmake_args' from command line to 'None'
[0.426s] Level 5:colcon.colcon_core.verb:set package 'ros2_can' build argument 'cmake_target' from command line to 'None'
[0.426s] Level 5:colcon.colcon_core.verb:set package 'ros2_can' build argument 'cmake_target_skip_unavailable' from command line to 'False'
[0.426s] Level 5:colcon.colcon_core.verb:set package 'ros2_can' build argument 'cmake_clean_cache' from command line to 'False'
[0.426s] Level 5:colcon.colcon_core.verb:set package 'ros2_can' build argument 'cmake_clean_first' from command line to 'False'
[0.426s] Level 5:colcon.colcon_core.verb:set package 'ros2_can' build argument 'cmake_force_configure' from command line to 'False'
[0.426s] Level 5:colcon.colcon_core.verb:set package 'ros2_can' build argument 'ament_cmake_args' from command line to 'None'
[0.426s] Level 5:colcon.colcon_core.verb:set package 'ros2_can' build argument 'catkin_cmake_args' from command line to 'None'
[0.426s] Level 5:colcon.colcon_core.verb:set package 'ros2_can' build argument 'catkin_skip_building_tests' from command line to 'False'
[0.426s] DEBUG:colcon.colcon_core.verb:Building package 'ros2_can' with the following arguments: {'ament_cmake_args': None, 'build_base': '/home/adm_bur7746m/ros2can/build/ros2_can', 'catkin_cmake_args': None, 'catkin_skip_building_tests': False, 'cmake_args': None, 'cmake_clean_cache': False, 'cmake_clean_first': False, 'cmake_force_configure': False, 'cmake_target': None, 'cmake_target_skip_unavailable': False, 'install_base': '/home/adm_bur7746m/ros2can/install/ros2_can', 'merge_install': False, 'path': '/home/adm_bur7746m/ros2can', 'symlink_install': False, 'test_result_base': None}
[0.427s] INFO:colcon.colcon_core.executor:Executing jobs using 'parallel' executor
[0.433s] DEBUG:colcon.colcon_parallel_executor.executor.parallel:run_until_complete
[0.434s] INFO:colcon.colcon_ros.task.ament_cmake.build:Building ROS package in '/home/adm_bur7746m/ros2can' with build type 'ament_cmake'
[0.434s] INFO:colcon.colcon_cmake.task.cmake.build:Building CMake package in '/home/adm_bur7746m/ros2can'
[0.440s] INFO:colcon.colcon_core.plugin_system:Skipping extension 'colcon_core.shell.bat': Not used on non-Windows systems
[0.440s] INFO:colcon.colcon_core.shell:Skip shell extension 'powershell' for command environment: Not usable outside of PowerShell
[0.440s] DEBUG:colcon.colcon_core.shell:Skip shell extension 'dsv' for command environment
[0.462s] DEBUG:colcon.colcon_core.event_handler.log_command:Invoking command in '/home/adm_bur7746m/ros2can/build/ros2_can': CMAKE_PREFIX_PATH=/opt/ros/foxy /usr/bin/cmake /home/adm_bur7746m/ros2can -DCMAKE_INSTALL_PREFIX=/home/adm_bur7746m/ros2can/install/ros2_can
[7.654s] DEBUG:colcon.colcon_core.event_handler.log_command:Invoked command in '/home/adm_bur7746m/ros2can/build/ros2_can' returned '0': CMAKE_PREFIX_PATH=/opt/ros/foxy /usr/bin/cmake /home/adm_bur7746m/ros2can -DCMAKE_INSTALL_PREFIX=/home/adm_bur7746m/ros2can/install/ros2_can
[7.660s] DEBUG:colcon.colcon_core.event_handler.log_command:Invoking command in '/home/adm_bur7746m/ros2can/build/ros2_can': CMAKE_PREFIX_PATH=/opt/ros/foxy /usr/bin/cmake --build /home/adm_bur7746m/ros2can/build/ros2_can -- -j8 -l8
[21.520s] DEBUG:colcon.colcon_core.event_handler.log_command:Invoked command in '/home/adm_bur7746m/ros2can/build/ros2_can' returned '0': CMAKE_PREFIX_PATH=/opt/ros/foxy /usr/bin/cmake --build /home/adm_bur7746m/ros2can/build/ros2_can -- -j8 -l8
[21.566s] DEBUG:colcon.colcon_core.event_handler.log_command:Invoking command in '/home/adm_bur7746m/ros2can/build/ros2_can': CMAKE_PREFIX_PATH=/opt/ros/foxy /usr/bin/cmake --install /home/adm_bur7746m/ros2can/build/ros2_can
[21.583s] Level 1:colcon.colcon_core.environment:create_environment_scripts_only(ros2_can)
[21.585s] DEBUG:colcon.colcon_core.event_handler.log_command:Invoked command in '/home/adm_bur7746m/ros2can/build/ros2_can' returned '0': CMAKE_PREFIX_PATH=/opt/ros/foxy /usr/bin/cmake --install /home/adm_bur7746m/ros2can/build/ros2_can
[22.044s] Level 1:colcon.colcon_core.environment:checking '/home/adm_bur7746m/ros2can/install/ros2_can' for CMake module files
[22.044s] Level 1:colcon.colcon_core.environment:checking '/home/adm_bur7746m/ros2can/install/ros2_can' for CMake config files
[22.045s] Level 1:colcon.colcon_core.shell:create_environment_hook('ros2_can', 'cmake_prefix_path')
[22.047s] INFO:colcon.colcon_core.shell:Creating environment hook '/home/adm_bur7746m/ros2can/install/ros2_can/share/ros2_can/hook/cmake_prefix_path.ps1'
[22.100s] INFO:colcon.colcon_core.shell:Creating environment descriptor '/home/adm_bur7746m/ros2can/install/ros2_can/share/ros2_can/hook/cmake_prefix_path.dsv'
[22.216s] INFO:colcon.colcon_core.shell:Creating environment hook '/home/adm_bur7746m/ros2can/install/ros2_can/share/ros2_can/hook/cmake_prefix_path.sh'
[22.218s] Level 1:colcon.colcon_core.environment:checking '/home/adm_bur7746m/ros2can/install/ros2_can/lib'
[22.218s] Level 1:colcon.colcon_core.environment:checking '/home/adm_bur7746m/ros2can/install/ros2_can/bin'
[22.219s] Level 1:colcon.colcon_core.environment:checking '/home/adm_bur7746m/ros2can/install/ros2_can/lib/pkgconfig/ros2_can.pc'
[22.219s] Level 1:colcon.colcon_core.environment:checking '/home/adm_bur7746m/ros2can/install/ros2_can/lib/python3.8/site-packages'
[22.219s] Level 1:colcon.colcon_core.environment:checking '/home/adm_bur7746m/ros2can/install/ros2_can/bin'
[22.223s] INFO:colcon.colcon_core.shell:Creating package script '/home/adm_bur7746m/ros2can/install/ros2_can/share/ros2_can/package.ps1'
[22.224s] INFO:colcon.colcon_core.shell:Creating package descriptor '/home/adm_bur7746m/ros2can/install/ros2_can/share/ros2_can/package.dsv'
[22.225s] INFO:colcon.colcon_core.shell:Creating package script '/home/adm_bur7746m/ros2can/install/ros2_can/share/ros2_can/package.sh'
[22.226s] INFO:colcon.colcon_core.shell:Creating package script '/home/adm_bur7746m/ros2can/install/ros2_can/share/ros2_can/package.bash'
[22.258s] INFO:colcon.colcon_core.shell:Creating package script '/home/adm_bur7746m/ros2can/install/ros2_can/share/ros2_can/package.zsh'
[22.270s] Level 1:colcon.colcon_core.environment:create_file_with_runtime_dependencies(/home/adm_bur7746m/ros2can/install/ros2_can/share/colcon-core/packages/ros2_can)
[22.304s] Level 1:colcon.colcon_core.environment:create_environment_scripts_only(ros2_can)
[22.307s] Level 1:colcon.colcon_core.environment:checking '/home/adm_bur7746m/ros2can/install/ros2_can' for CMake module files
[22.308s] Level 1:colcon.colcon_core.environment:checking '/home/adm_bur7746m/ros2can/install/ros2_can' for CMake config files
[22.309s] Level 1:colcon.colcon_core.shell:create_environment_hook('ros2_can', 'cmake_prefix_path')
[22.311s] INFO:colcon.colcon_core.shell:Creating environment hook '/home/adm_bur7746m/ros2can/install/ros2_can/share/ros2_can/hook/cmake_prefix_path.ps1'
[22.311s] INFO:colcon.colcon_core.shell:Creating environment descriptor '/home/adm_bur7746m/ros2can/install/ros2_can/share/ros2_can/hook/cmake_prefix_path.dsv'
[22.312s] INFO:colcon.colcon_core.shell:Creating environment hook '/home/adm_bur7746m/ros2can/install/ros2_can/share/ros2_can/hook/cmake_prefix_path.sh'
[22.312s] Level 1:colcon.colcon_core.environment:checking '/home/adm_bur7746m/ros2can/install/ros2_can/lib'
[22.312s] Level 1:colcon.colcon_core.environment:checking '/home/adm_bur7746m/ros2can/install/ros2_can/bin'
[22.313s] Level 1:colcon.colcon_core.environment:checking '/home/adm_bur7746m/ros2can/install/ros2_can/lib/pkgconfig/ros2_can.pc'
[22.313s] Level 1:colcon.colcon_core.environment:checking '/home/adm_bur7746m/ros2can/install/ros2_can/lib/python3.8/site-packages'
[22.313s] Level 1:colcon.colcon_core.environment:checking '/home/adm_bur7746m/ros2can/install/ros2_can/bin'
[22.315s] INFO:colcon.colcon_core.shell:Creating package script '/home/adm_bur7746m/ros2can/install/ros2_can/share/ros2_can/package.ps1'
[22.316s] INFO:colcon.colcon_core.shell:Creating package descriptor '/home/adm_bur7746m/ros2can/install/ros2_can/share/ros2_can/package.dsv'
[22.317s] INFO:colcon.colcon_core.shell:Creating package script '/home/adm_bur7746m/ros2can/install/ros2_can/share/ros2_can/package.sh'
[22.317s] INFO:colcon.colcon_core.shell:Creating package script '/home/adm_bur7746m/ros2can/install/ros2_can/share/ros2_can/package.bash'
[22.318s] INFO:colcon.colcon_core.shell:Creating package script '/home/adm_bur7746m/ros2can/install/ros2_can/share/ros2_can/package.zsh'
[22.318s] Level 1:colcon.colcon_core.environment:create_file_with_runtime_dependencies(/home/adm_bur7746m/ros2can/install/ros2_can/share/colcon-core/packages/ros2_can)
[22.319s] DEBUG:colcon.colcon_parallel_executor.executor.parallel:closing loop
[22.319s] DEBUG:colcon.colcon_parallel_executor.executor.parallel:loop closed
[22.319s] DEBUG:colcon.colcon_parallel_executor.executor.parallel:run_until_complete finished with '0'
[22.319s] DEBUG:colcon.colcon_core.event_reactor:joining thread
[22.330s] INFO:colcon.colcon_core.plugin_system:Skipping extension 'colcon_notification.desktop_notification.terminal_notifier': Not used on non-Darwin systems
[22.331s] INFO:colcon.colcon_core.plugin_system:Skipping extension 'colcon_notification.desktop_notification.win32': Not used on non-Windows systems
[22.331s] INFO:colcon.colcon_notification.desktop_notification:Sending desktop notification using 'notify2'
[22.352s] DEBUG:colcon.colcon_core.event_reactor:joined thread
[22.355s] INFO:colcon.colcon_core.shell:Creating prefix script '/home/adm_bur7746m/ros2can/install/local_setup.ps1'
[22.356s] INFO:colcon.colcon_core.shell:Creating prefix util module '/home/adm_bur7746m/ros2can/install/_local_setup_util_ps1.py'
[22.358s] INFO:colcon.colcon_core.shell:Creating prefix chain script '/home/adm_bur7746m/ros2can/install/setup.ps1'
[22.360s] INFO:colcon.colcon_core.shell:Creating prefix script '/home/adm_bur7746m/ros2can/install/local_setup.sh'
[22.360s] INFO:colcon.colcon_core.shell:Creating prefix util module '/home/adm_bur7746m/ros2can/install/_local_setup_util_sh.py'
[22.361s] INFO:colcon.colcon_core.shell:Creating prefix chain script '/home/adm_bur7746m/ros2can/install/setup.sh'
[22.362s] INFO:colcon.colcon_core.shell:Creating prefix script '/home/adm_bur7746m/ros2can/install/local_setup.bash'
[22.363s] INFO:colcon.colcon_core.shell:Creating prefix chain script '/home/adm_bur7746m/ros2can/install/setup.bash'
[22.364s] INFO:colcon.colcon_core.shell:Creating prefix script '/home/adm_bur7746m/ros2can/install/local_setup.zsh'
[22.365s] INFO:colcon.colcon_core.shell:Creating prefix chain script '/home/adm_bur7746m/ros2can/install/setup.zsh'
